Started GET "/" for ::1 at 2022-08-28 14:40:01 +0300
  [1m[35m (2.4ms)[0m  [1m[34mSELECT sqlite_version(*)[0m
Processing by Rails::WelcomeController#index as HTML
  Rendering /usr/share/rvm/gems/ruby-3.1.2/gems/railties-7.0.3.1/lib/rails/templates/rails/welcome/index.html.erb
  Rendered /usr/share/rvm/gems/ruby-3.1.2/gems/railties-7.0.3.1/lib/rails/templates/rails/welcome/index.html.erb (Duration: 7.3ms | Allocations: 657)
Completed 200 OK in 16ms (Views: 10.1ms | ActiveRecord: 0.0ms | Allocations: 5114)


Started GET "/" for ::1 at 2022-08-28 15:05:28 +0300
  [1m[35m (0.3ms)[0m  [1m[34mSELECT sqlite_version(*)[0m
Processing by Rails::WelcomeController#index as HTML
  Rendering /usr/share/rvm/gems/ruby-3.1.2/gems/railties-7.0.3.1/lib/rails/templates/rails/welcome/index.html.erb
  Rendered /usr/share/rvm/gems/ruby-3.1.2/gems/railties-7.0.3.1/lib/rails/templates/rails/welcome/index.html.erb (Duration: 0.8ms | Allocations: 549)
Completed 200 OK in 6ms (Views: 2.4ms | ActiveRecord: 0.0ms | Allocations: 3790)


Started GET "/articles" for ::1 at 2022-08-28 15:05:35 +0300
Processing by ArticlesController#index as HTML
  Rendering layout layouts/application.html.erb
  Rendering articles/index.html.erb within layouts/application
  Rendered articles/index.html.erb within layouts/application (Duration: 0.5ms | Allocations: 151)
  Rendered layout layouts/application.html.erb (Duration: 162.8ms | Allocations: 88815)
Completed 200 OK in 166ms (Views: 164.6ms | ActiveRecord: 0.0ms | Allocations: 89871)


Started GET "/" for ::1 at 2022-08-28 15:07:17 +0300
Processing by ArticlesController#index as HTML
  Rendering layout layouts/application.html.erb
  Rendering articles/index.html.erb within layouts/application
  Rendered articles/index.html.erb within layouts/application (Duration: 0.0ms | Allocations: 26)
  Rendered layout layouts/application.html.erb (Duration: 10.1ms | Allocations: 13851)
Completed 200 OK in 13ms (Views: 12.5ms | Allocations: 14495)


Started GET "/" for ::1 at 2022-08-28 15:07:28 +0300
Processing by ArticlesController#index as HTML
  Rendering layout layouts/application.html.erb
  Rendering articles/index.html.erb within layouts/application
  Rendered articles/index.html.erb within layouts/application (Duration: 0.0ms | Allocations: 26)
  Rendered layout layouts/application.html.erb (Duration: 7.8ms | Allocations: 13843)
Completed 200 OK in 9ms (Views: 8.5ms | Allocations: 14484)


Started GET "/" for ::1 at 2022-08-28 15:07:29 +0300
Processing by ArticlesController#index as HTML
  Rendering layout layouts/application.html.erb
  Rendering articles/index.html.erb within layouts/application
  Rendered articles/index.html.erb within layouts/application (Duration: 0.1ms | Allocations: 18)
  Rendered layout layouts/application.html.erb (Duration: 7.3ms | Allocations: 2379)
Completed 200 OK in 9ms (Views: 8.5ms | Allocations: 2659)


Started GET "/" for ::1 at 2022-08-28 15:07:30 +0300
Processing by ArticlesController#index as HTML
  Rendering layout layouts/application.html.erb
  Rendering articles/index.html.erb within layouts/application
  Rendered articles/index.html.erb within layouts/application (Duration: 0.1ms | Allocations: 18)
  Rendered layout layouts/application.html.erb (Duration: 8.6ms | Allocations: 2389)
Completed 200 OK in 11ms (Views: 9.8ms | Allocations: 2658)


Started GET "/" for ::1 at 2022-08-28 15:07:45 +0300
Processing by ArticlesController#index as HTML
  Rendering layout layouts/application.html.erb
  Rendering articles/index.html.erb within layouts/application
  Rendered articles/index.html.erb within layouts/application (Duration: 0.0ms | Allocations: 26)
  Rendered layout layouts/application.html.erb (Duration: 7.1ms | Allocations: 13828)
Completed 200 OK in 8ms (Views: 7.8ms | Allocations: 14472)


Started GET "/" for ::1 at 2022-08-28 15:07:47 +0300
Processing by ArticlesController#index as HTML
  Rendering layout layouts/application.html.erb
  Rendering articles/index.html.erb within layouts/application
  Rendered articles/index.html.erb within layouts/application (Duration: 0.0ms | Allocations: 18)
  Rendered layout layouts/application.html.erb (Duration: 1.8ms | Allocations: 2379)
Completed 200 OK in 2ms (Views: 2.0ms | Allocations: 2659)


Started GET "/articles" for ::1 at 2022-08-28 15:07:55 +0300
Processing by ArticlesController#index as HTML
  Rendering layout layouts/application.html.erb
  Rendering articles/index.html.erb within layouts/application
  Rendered articles/index.html.erb within layouts/application (Duration: 0.1ms | Allocations: 18)
  Rendered layout layouts/application.html.erb (Duration: 3.3ms | Allocations: 2382)
Completed 200 OK in 4ms (Views: 3.8ms | Allocations: 2645)


Started GET "/" for ::1 at 2022-08-28 15:09:15 +0300
Processing by ArticlesController#index as HTML
  Rendering layout layouts/application.html.erb
  Rendering articles/index.html.erb within layouts/application
  Rendered articles/index.html.erb within layouts/application (Duration: 0.0ms | Allocations: 18)
  Rendered layout layouts/application.html.erb (Duration: 1.9ms | Allocations: 2388)
Completed 200 OK in 2ms (Views: 2.2ms | Allocations: 2651)


  [1m[35m (0.3ms)[0m  [1m[34mSELECT sqlite_version(*)[0m
  [1m[35m (83.2ms)[0m  [1m[35mCREATE TABLE "schema_migrations" ("version" varchar NOT NULL PRIMARY KEY)[0m
  [1m[35m (80.2ms)[0m  [1m[35mCREATE TABLE "ar_internal_metadata" ("key" varchar NOT NULL PRIMARY KEY, "value" varchar, "created_at" datetime(6) NOT NULL, "updated_at" datetime(6) NOT NULL)[0m
  [1m[36mActiveRecord::SchemaMigration Pluck (0.4ms)[0m  [1m[34mSELECT "schema_migrations"."version" FROM "schema_migrations" ORDER BY "schema_migrations"."version" ASC[0m
Migrating to CreateArticles (20220828121434)
  [1m[36mTRANSACTION (0.2ms)[0m  [1m[36mbegin transaction[0m
  [1m[35m (0.6ms)[0m  [1m[35mCREATE TABLE "articles" ("id" integer PRIMARY KEY AUTOINCREMENT NOT NULL, "title" varchar, "body" text, "created_at" datetime(6) NOT NULL, "updated_at" datetime(6) NOT NULL)[0m
  [1m[36mActiveRecord::SchemaMigration Create (0.2ms)[0m  [1m[32mINSERT INTO "schema_migrations" ("version") VALUES (?)[0m  [["version", "20220828121434"]]
  [1m[36mTRANSACTION (74.9ms)[0m  [1m[36mcommit transaction[0m
  [1m[36mActiveRecord::InternalMetadata Load (0.4ms)[0m  [1m[34mSELECT "ar_internal_metadata".* FROM "ar_internal_metadata" WHERE "ar_internal_metadata"."key" = ? LIMIT ?[0m  [["key", "environment"], ["LIMIT", 1]]
  [1m[36mTRANSACTION (0.2ms)[0m  [1m[36mbegin transaction[0m
  [1m[36mActiveRecord::InternalMetadata Create (0.6ms)[0m  [1m[32mINSERT INTO "ar_internal_metadata" ("key", "value", "created_at", "updated_at") VALUES (?, ?, ?, ?)[0m  [["key", "environment"], ["value", "development"], ["created_at", "2022-08-28 12:17:01.171080"], ["updated_at", "2022-08-28 12:17:01.171080"]]
  [1m[36mTRANSACTION (51.5ms)[0m  [1m[36mcommit transaction[0m
  [1m[35m (0.2ms)[0m  [1m[34mSELECT sqlite_version(*)[0m
  [1m[36mActiveRecord::SchemaMigration Pluck (0.3ms)[0m  [1m[34mSELECT "schema_migrations"."version" FROM "schema_migrations" ORDER BY "schema_migrations"."version" ASC[0m
Started GET "/" for ::1 at 2022-08-28 15:24:49 +0300
  [1m[35m (0.3ms)[0m  [1m[34mSELECT sqlite_version(*)[0m
  [1m[36mActiveRecord::SchemaMigration Pluck (0.1ms)[0m  [1m[34mSELECT "schema_migrations"."version" FROM "schema_migrations" ORDER BY "schema_migrations"."version" ASC[0m
Processing by ArticlesController#index as HTML
  Rendering layout layouts/application.html.erb
  Rendering articles/index.html.erb within layouts/application
  Rendered articles/index.html.erb within layouts/application (Duration: 0.5ms | Allocations: 357)
  Rendered layout layouts/application.html.erb (Duration: 31.7ms | Allocations: 34788)
Completed 200 OK in 37ms (Views: 33.2ms | ActiveRecord: 0.0ms | Allocations: 38185)


  [1m[35m (0.4ms)[0m  [1m[34mSELECT sqlite_version(*)[0m
  [1m[36mTRANSACTION (0.1ms)[0m  [1m[36mbegin transaction[0m
  [1m[36mArticle Create (0.5ms)[0m  [1m[32mINSERT INTO "articles" ("title", "body", "created_at", "updated_at") VALUES (?, ?, ?, ?)[0m  [["title", "Hello Rails"], ["body", "I am on Rails!"], ["created_at", "2022-08-28 12:28:27.414359"], ["updated_at", "2022-08-28 12:28:27.414359"]]
  [1m[36mTRANSACTION (58.8ms)[0m  [1m[36mcommit transaction[0m
  [1m[36mArticle Load (0.2ms)[0m  [1m[34mSELECT "articles".* FROM "articles" WHERE "articles"."id" = ? LIMIT ?[0m  [["id", 1], ["LIMIT", 1]]
  [1m[36mArticle Load (0.1ms)[0m  [1m[34mSELECT "articles".* FROM "articles" WHERE "articles"."id" = ? LIMIT ?[0m  [["id", 1], ["LIMIT", 1]]
  [1m[36mArticle Load (0.4ms)[0m  [1m[34mSELECT "articles".* FROM "articles"[0m
  [1m[36mArticle Load (0.1ms)[0m  [1m[34mSELECT "articles".* FROM "articles" WHERE "articles"."id" = ? LIMIT ?[0m  [["id", 1], ["LIMIT", 1]]
Started GET "/articles/1" for ::1 at 2022-08-28 15:44:30 +0300
  [1m[35m (0.3ms)[0m  [1m[34mSELECT sqlite_version(*)[0m
  [1m[36mActiveRecord::SchemaMigration Pluck (0.1ms)[0m  [1m[34mSELECT "schema_migrations"."version" FROM "schema_migrations" ORDER BY "schema_migrations"."version" ASC[0m
Processing by ArticlesController#show as HTML
  Parameters: {"id"=>"1"}
  [1m[36mArticle Load (0.1ms)[0m  [1m[34mSELECT "articles".* FROM "articles" WHERE "articles"."id" = ? LIMIT ?[0m  [["id", 1], ["LIMIT", 1]]
  ↳ app/controllers/articles_controller.rb:7:in `show'
  Rendering layout layouts/application.html.erb
  Rendering articles/show.html.erb within layouts/application
  Rendered articles/show.html.erb within layouts/application (Duration: 0.7ms | Allocations: 419)
  Rendered layout layouts/application.html.erb (Duration: 31.3ms | Allocations: 35304)
Completed 200 OK in 42ms (Views: 33.0ms | ActiveRecord: 0.5ms | Allocations: 45457)


Started GET "/articles/" for ::1 at 2022-08-28 15:52:06 +0300
  [1m[35m (0.3ms)[0m  [1m[34mSELECT sqlite_version(*)[0m
  [1m[36mActiveRecord::SchemaMigration Pluck (0.1ms)[0m  [1m[34mSELECT "schema_migrations"."version" FROM "schema_migrations" ORDER BY "schema_migrations"."version" ASC[0m
Processing by ArticlesController#index as HTML
  Rendering layout layouts/application.html.erb
  Rendering articles/index.html.erb within layouts/application
  [1m[36mArticle Load (0.1ms)[0m  [1m[34mSELECT "articles".* FROM "articles"[0m
  ↳ app/views/articles/index.html.erb:4
  Rendered articles/index.html.erb within layouts/application (Duration: 4.7ms | Allocations: 4998)
  Rendered layout layouts/application.html.erb (Duration: 34.7ms | Allocations: 40061)
Completed 200 OK in 41ms (Views: 35.8ms | ActiveRecord: 0.4ms | Allocations: 44189)


Started GET "/articles/1" for ::1 at 2022-08-28 15:52:08 +0300
Processing by ArticlesController#show as HTML
  Parameters: {"id"=>"1"}
  [1m[36mArticle Load (0.2ms)[0m  [1m[34mSELECT "articles".* FROM "articles" WHERE "articles"."id" = ? LIMIT ?[0m  [["id", 1], ["LIMIT", 1]]
  ↳ app/controllers/articles_controller.rb:7:in `show'
  Rendering layout layouts/application.html.erb
  Rendering articles/show.html.erb within layouts/application
  Rendered articles/show.html.erb within layouts/application (Duration: 0.6ms | Allocations: 199)
  Rendered layout layouts/application.html.erb (Duration: 4.1ms | Allocations: 2736)
Completed 200 OK in 8ms (Views: 4.6ms | ActiveRecord: 0.2ms | Allocations: 5528)


Started GET "/articles/" for ::1 at 2022-08-28 15:52:10 +0300
Processing by ArticlesController#index as HTML
  Rendering layout layouts/application.html.erb
  Rendering articles/index.html.erb within layouts/application
  [1m[36mArticle Load (0.3ms)[0m  [1m[34mSELECT "articles".* FROM "articles"[0m
  ↳ app/views/articles/index.html.erb:4
  Rendered articles/index.html.erb within layouts/application (Duration: 3.1ms | Allocations: 651)
  Rendered layout layouts/application.html.erb (Duration: 11.4ms | Allocations: 3013)
Completed 200 OK in 14ms (Views: 12.5ms | ActiveRecord: 0.3ms | Allocations: 3307)


Started GET "/articles/1" for ::1 at 2022-08-28 15:52:13 +0300
Processing by ArticlesController#show as HTML
  Parameters: {"id"=>"1"}
  [1m[36mArticle Load (0.3ms)[0m  [1m[34mSELECT "articles".* FROM "articles" WHERE "articles"."id" = ? LIMIT ?[0m  [["id", 1], ["LIMIT", 1]]
  ↳ app/controllers/articles_controller.rb:7:in `show'
  Rendering layout layouts/application.html.erb
  Rendering articles/show.html.erb within layouts/application
  Rendered articles/show.html.erb within layouts/application (Duration: 0.2ms | Allocations: 22)
  Rendered layout layouts/application.html.erb (Duration: 8.1ms | Allocations: 2367)
Completed 200 OK in 13ms (Views: 9.3ms | ActiveRecord: 0.3ms | Allocations: 3138)


Started GET "/articles/" for ::1 at 2022-08-28 15:52:14 +0300
Processing by ArticlesController#index as HTML
  Rendering layout layouts/application.html.erb
  Rendering articles/index.html.erb within layouts/application
  [1m[36mArticle Load (0.2ms)[0m  [1m[34mSELECT "articles".* FROM "articles"[0m
  ↳ app/views/articles/index.html.erb:4
  Rendered articles/index.html.erb within layouts/application (Duration: 2.2ms | Allocations: 631)
  Rendered layout layouts/application.html.erb (Duration: 7.9ms | Allocations: 2977)
Completed 200 OK in 10ms (Views: 8.7ms | ActiveRecord: 0.2ms | Allocations: 3266)


Started GET "/articles/1" for ::1 at 2022-08-28 15:52:26 +0300
Processing by ArticlesController#show as HTML
  Parameters: {"id"=>"1"}
  [1m[36mArticle Load (0.1ms)[0m  [1m[34mSELECT "articles".* FROM "articles" WHERE "articles"."id" = ? LIMIT ?[0m  [["id", 1], ["LIMIT", 1]]
  ↳ app/controllers/articles_controller.rb:7:in `show'
  Rendering layout layouts/application.html.erb
  Rendering articles/show.html.erb within layouts/application
  Rendered articles/show.html.erb within layouts/application (Duration: 0.1ms | Allocations: 22)
  Rendered layout layouts/application.html.erb (Duration: 4.2ms | Allocations: 2375)
Completed 200 OK in 7ms (Views: 5.1ms | ActiveRecord: 0.1ms | Allocations: 3128)


Started GET "/articles/new" for ::1 at 2022-08-28 16:00:07 +0300
Processing by ArticlesController#new as HTML
  [1m[35m (0.0ms)[0m  [1m[34mSELECT sqlite_version(*)[0m
  ↳ app/controllers/articles_controller.rb:11:in `new'
  Rendering layout layouts/application.html.erb
  Rendering articles/new.html.erb within layouts/application
  Rendered articles/new.html.erb within layouts/application (Duration: 69.6ms | Allocations: 4984)
  Rendered layout layouts/application.html.erb (Duration: 80.4ms | Allocations: 18881)
Completed 200 OK in 93ms (Views: 81.3ms | ActiveRecord: 0.2ms | Allocations: 22399)


Started GET "/articles/1/edit" for ::1 at 2022-08-28 16:05:28 +0300
Processing by ArticlesController#edit as HTML
  Parameters: {"id"=>"1"}
  [1m[35m (0.0ms)[0m  [1m[34mSELECT sqlite_version(*)[0m
  ↳ app/controllers/articles_controller.rb:25:in `edit'
  [1m[36mArticle Load (0.1ms)[0m  [1m[34mSELECT "articles".* FROM "articles" WHERE "articles"."id" = ? LIMIT ?[0m  [["id", 1], ["LIMIT", 1]]
  ↳ app/controllers/articles_controller.rb:25:in `edit'
  Rendering layout layouts/application.html.erb
  Rendering articles/edit.html.erb within layouts/application
  Rendered articles/_form.html.erb (Duration: 1.7ms | Allocations: 1683)
  Rendered articles/edit.html.erb within layouts/application (Duration: 2.2ms | Allocations: 1997)
  Rendered layout layouts/application.html.erb (Duration: 9.2ms | Allocations: 15834)
Completed 200 OK in 15ms (Views: 10.3ms | ActiveRecord: 0.7ms | Allocations: 20826)


Started PATCH "/articles/1" for ::1 at 2022-08-28 16:05:33 +0300
Processing by ArticlesController#update as TURBO_STREAM
  Parameters: {"authenticity_token"=>"[FILTERED]", "article"=>{"title"=>"Hello Rails", "body"=>"I am on Rails!"}, "commit"=>"Update Article", "id"=>"1"}
  [1m[36mArticle Load (0.7ms)[0m  [1m[34mSELECT "articles".* FROM "articles" WHERE "articles"."id" = ? LIMIT ?[0m  [["id", 1], ["LIMIT", 1]]
  ↳ app/controllers/articles_controller.rb:29:in `update'
Redirected to http://localhost:3000/articles/1
Completed 302 Found in 8ms (ActiveRecord: 0.7ms | Allocations: 1874)


Started GET "/articles/1" for ::1 at 2022-08-28 16:05:33 +0300
Processing by ArticlesController#show as TURBO_STREAM
  Parameters: {"id"=>"1"}
  [1m[36mArticle Load (0.1ms)[0m  [1m[34mSELECT "articles".* FROM "articles" WHERE "articles"."id" = ? LIMIT ?[0m  [["id", 1], ["LIMIT", 1]]
  ↳ app/controllers/articles_controller.rb:7:in `show'
  Rendering layout layouts/application.html.erb
  Rendering articles/show.html.erb within layouts/application
  Rendered articles/show.html.erb within layouts/application (Duration: 0.6ms | Allocations: 190)
  Rendered layout layouts/application.html.erb (Duration: 3.9ms | Allocations: 2659)
Completed 200 OK in 6ms (Views: 4.4ms | ActiveRecord: 0.1ms | Allocations: 3577)


  [1m[35m (0.3ms)[0m  [1m[34mSELECT sqlite_version(*)[0m
  [1m[36mActiveRecord::SchemaMigration Pluck (0.1ms)[0m  [1m[34mSELECT "schema_migrations"."version" FROM "schema_migrations" ORDER BY "schema_migrations"."version" ASC[0m
Migrating to CreateComments (20220828130758)
  [1m[36mTRANSACTION (0.0ms)[0m  [1m[36mbegin transaction[0m
  [1m[35m (0.2ms)[0m  [1m[35mCREATE TABLE "comments" ("id" integer PRIMARY KEY AUTOINCREMENT NOT NULL, "commenter" varchar, "body" text, "article_id" integer NOT NULL, "created_at" datetime(6) NOT NULL, "updated_at" datetime(6) NOT NULL, CONSTRAINT "fk_rails_3bf61a60d3"
FOREIGN KEY ("article_id")
  REFERENCES "articles" ("id")
)[0m
  [1m[35m (0.1ms)[0m  [1m[35mCREATE INDEX "index_comments_on_article_id" ON "comments" ("article_id")[0m
  [1m[36mActiveRecord::SchemaMigration Create (0.1ms)[0m  [1m[32mINSERT INTO "schema_migrations" ("version") VALUES (?)[0m  [["version", "20220828130758"]]
  [1m[36mTRANSACTION (116.2ms)[0m  [1m[36mcommit transaction[0m
  [1m[36mActiveRecord::InternalMetadata Load (0.1ms)[0m  [1m[34mSELECT "ar_internal_metadata".* FROM "ar_internal_metadata" WHERE "ar_internal_metadata"."key" = ? LIMIT ?[0m  [["key", "environment"], ["LIMIT", 1]]
  [1m[35m (0.0ms)[0m  [1m[34mSELECT sqlite_version(*)[0m
  [1m[36mActiveRecord::SchemaMigration Pluck (0.1ms)[0m  [1m[34mSELECT "schema_migrations"."version" FROM "schema_migrations" ORDER BY "schema_migrations"."version" ASC[0m
Started GET "/articles/1" for ::1 at 2022-08-28 16:15:19 +0300
  [1m[35m (0.5ms)[0m  [1m[34mSELECT sqlite_version(*)[0m
  [1m[36mActiveRecord::SchemaMigration Pluck (0.1ms)[0m  [1m[34mSELECT "schema_migrations"."version" FROM "schema_migrations" ORDER BY "schema_migrations"."version" ASC[0m
Processing by ArticlesController#show as HTML
  Parameters: {"id"=>"1"}
  [1m[36mArticle Load (0.1ms)[0m  [1m[34mSELECT "articles".* FROM "articles" WHERE "articles"."id" = ? LIMIT ?[0m  [["id", 1], ["LIMIT", 1]]
  ↳ app/controllers/articles_controller.rb:7:in `show'
  Rendering layout layouts/application.html.erb
  Rendering articles/show.html.erb within layouts/application
  Rendered articles/show.html.erb within layouts/application (Duration: 21.7ms | Allocations: 9343)
  Rendered layout layouts/application.html.erb (Duration: 21.9ms | Allocations: 9458)
Completed 500 Internal Server Error in 33ms (ActiveRecord: 0.5ms | Allocations: 19767)


  
ActionView::Template::Error (undefined method `comments' for #<Article id: 1, title: "Hello Rails", body: "I am on Rails!", created_at: "2022-08-28 12:28:27.414359000 +0000", updated_at: "2022-08-28 12:28:27.414359000 +0000">
Did you mean?  committed!):
    11: </ul>
    12: 
    13: <h2>Comments</h2>
    14: <% @article.comments.each do |comment| %>
    15:   <p>
    16:     <strong>Commenter:</strong>
    17:     <%= comment.commenter %>
  
app/views/articles/show.html.erb:14
Started GET "/articles/" for ::1 at 2022-08-28 16:15:27 +0300
Processing by ArticlesController#index as HTML
  Rendering layout layouts/application.html.erb
  Rendering articles/index.html.erb within layouts/application
  [1m[36mArticle Load (0.2ms)[0m  [1m[34mSELECT "articles".* FROM "articles"[0m
  ↳ app/views/articles/index.html.erb:4
  Rendered articles/index.html.erb within layouts/application (Duration: 1.6ms | Allocations: 1040)
  Rendered layout layouts/application.html.erb (Duration: 38.3ms | Allocations: 35206)
Completed 200 OK in 39ms (Views: 38.6ms | ActiveRecord: 0.2ms | Allocations: 35639)


Started GET "/articles/1" for ::1 at 2022-08-28 16:15:29 +0300
Processing by ArticlesController#show as HTML
  Parameters: {"id"=>"1"}
  [1m[36mArticle Load (0.1ms)[0m  [1m[34mSELECT "articles".* FROM "articles" WHERE "articles"."id" = ? LIMIT ?[0m  [["id", 1], ["LIMIT", 1]]
  ↳ app/controllers/articles_controller.rb:7:in `show'
  Rendering layout layouts/application.html.erb
  Rendering articles/show.html.erb within layouts/application
  Rendered articles/show.html.erb within layouts/application (Duration: 10.9ms | Allocations: 7552)
  Rendered layout layouts/application.html.erb (Duration: 11.2ms | Allocations: 7641)
Completed 500 Internal Server Error in 13ms (ActiveRecord: 0.1ms | Allocations: 8410)


  
ActionView::Template::Error (undefined method `comments' for #<Article id: 1, title: "Hello Rails", body: "I am on Rails!", created_at: "2022-08-28 12:28:27.414359000 +0000", updated_at: "2022-08-28 12:28:27.414359000 +0000">
Did you mean?  committed!):
    11: </ul>
    12: 
    13: <h2>Comments</h2>
    14: <% @article.comments.each do |comment| %>
    15:   <p>
    16:     <strong>Commenter:</strong>
    17:     <%= comment.commenter %>
  
app/views/articles/show.html.erb:14
Started GET "/articles/1" for ::1 at 2022-08-28 16:21:03 +0300
Processing by ArticlesController#show as HTML
  Parameters: {"id"=>"1"}
  [1m[36mArticle Load (0.3ms)[0m  [1m[34mSELECT "articles".* FROM "articles" WHERE "articles"."id" = ? LIMIT ?[0m  [["id", 1], ["LIMIT", 1]]
  ↳ app/controllers/articles_controller.rb:7:in `show'
  Rendering layout layouts/application.html.erb
  Rendering articles/show.html.erb within layouts/application
  Rendered articles/show.html.erb within layouts/application (Duration: 3.3ms | Allocations: 1398)
  Rendered layout layouts/application.html.erb (Duration: 4.7ms | Allocations: 1493)
Completed 500 Internal Server Error in 14ms (ActiveRecord: 0.3ms | Allocations: 2778)


  
ActionView::SyntaxErrorInTemplate (Encountered a syntax error while rendering template: check <h1><%= @article.title %></h1>

<p><%= @article.body %></p>

<ul>
  <li><%= link_to "Edit", edit_article_path(@article) %></li>
  <li><%= link_to "Destroy", article_path(@article), data: {
                    turbo_method: :delete,
                    turbo_confirm: "Are you sure?"
                  } %></li>
</ul>

<h2>Comments</h2>
<% @article.comments.each do |Comments| %>
  <p>
    <strong>Commenter:</strong>
    <%= comment.commenter %>
  </p>

  <p>
    <strong>Comment:</strong>
    <%= comment.body %>
  </p>
<% end %>

<h2>Add a comment:</h2>
<%= form_with model: [ @article, @article.comments.build ] do |form| %>
  <p>
    <%= form.label :commenter %><br>
    <%= form.text_field :commenter %>
  </p>
  <p>
    <%= form.label :body %><br>
    <%= form.text_area :body %>
  </p>
  <p>
    <%= form.submit %>
  </p>
<% end %>

):
1:    <h1><%= @article.title %></h1>
2:    
3:    <p><%= @article.body %></p>
4:    
5:    <ul>
6:      <li><%= link_to "Edit", edit_article_path(@article) %></li>
7:      <li><%= link_to "Destroy", article_path(@article), data: {
8:                        turbo_method: :delete,
9:                        turbo_confirm: "Are you sure?"
10:                      } %></li>
11:    </ul>
12:    
13:    <h2>Comments</h2>
14:    <% @article.comments.each do |Comments| %>
15:      <p>
16:        <strong>Commenter:</strong>
17:        <%= comment.commenter %>
18:      </p>
19:    
20:      <p>
21:        <strong>Comment:</strong>
22:        <%= comment.body %>
23:      </p>
24:    <% end %>
25:    
26:    <h2>Add a comment:</h2>
27:    <%= form_with model: [ @article, @article.comments.build ] do |form| %>
28:      <p>
29:        <%= form.label :commenter %><br>
30:        <%= form.text_field :commenter %>
31:      </p>
32:      <p>
33:        <%= form.label :body %><br>
34:        <%= form.text_area :body %>
35:      </p>
36:      <p>
37:        <%= form.submit %>
38:      </p>
39:    <% end %>
  
app/views/articles/show.html.erb:14: formal argument cannot be a constant
app/views/articles/show.html.erb:14: formal argument cannot be a constant
app/views/articles/show.html.erb:14: formal argument cannot be a constant
app/views/articles/show.html.erb:14: formal argument cannot be a constant
app/views/articles/show.html.erb:14: formal argument cannot be a constant
app/views/articles/show.html.erb:14: formal argument cannot be a constant
Started GET "/articles/1" for ::1 at 2022-08-28 16:21:25 +0300
Processing by ArticlesController#show as HTML
  Parameters: {"id"=>"1"}
  [1m[36mArticle Load (0.1ms)[0m  [1m[34mSELECT "articles".* FROM "articles" WHERE "articles"."id" = ? LIMIT ?[0m  [["id", 1], ["LIMIT", 1]]
  ↳ app/controllers/articles_controller.rb:7:in `show'
  Rendering layout layouts/application.html.erb
  Rendering articles/show.html.erb within layouts/application
  Rendered articles/show.html.erb within layouts/application (Duration: 7.9ms | Allocations: 8011)
  Rendered layout layouts/application.html.erb (Duration: 8.1ms | Allocations: 8105)
Completed 500 Internal Server Error in 12ms (ActiveRecord: 0.1ms | Allocations: 9458)


  
ActionView::Template::Error (undefined method `comments' for #<Article id: 1, title: "Hello Rails", body: "I am on Rails!", created_at: "2022-08-28 12:28:27.414359000 +0000", updated_at: "2022-08-28 12:28:27.414359000 +0000">
Did you mean?  committed!):
    11: </ul>
    12: 
    13: <h2>Comments</h2>
    14: <% @article.comments.each do |comment| %>
    15:   <p>
    16:     <strong>Commenter:</strong>
    17:     <%= comment.commenter %>
  
app/views/articles/show.html.erb:14
Started GET "/articles" for ::1 at 2022-08-28 16:24:29 +0300
Processing by ArticlesController#index as HTML
  Rendering layout layouts/application.html.erb
  Rendering articles/index.html.erb within layouts/application
  [1m[36mArticle Load (0.1ms)[0m  [1m[34mSELECT "articles".* FROM "articles"[0m
  ↳ app/views/articles/index.html.erb:4
  Rendered articles/index.html.erb within layouts/application (Duration: 1.5ms | Allocations: 901)
  Rendered layout layouts/application.html.erb (Duration: 4.1ms | Allocations: 3670)
Completed 200 OK in 5ms (Views: 4.4ms | ActiveRecord: 0.1ms | Allocations: 4033)


Started GET "/articles/new" for ::1 at 2022-08-28 16:24:31 +0300
Processing by ArticlesController#new as HTML
  Rendering layout layouts/application.html.erb
  Rendering articles/new.html.erb within layouts/application
  Rendered articles/_form.html.erb (Duration: 28.6ms | Allocations: 12837)
  Rendered articles/new.html.erb within layouts/application (Duration: 30.2ms | Allocations: 13110)
  Rendered layout layouts/application.html.erb (Duration: 32.9ms | Allocations: 15437)
Completed 200 OK in 35ms (Views: 34.0ms | ActiveRecord: 0.0ms | Allocations: 15833)


Started POST "/articles" for ::1 at 2022-08-28 16:24:34 +0300
Processing by ArticlesController#create as TURBO_STREAM
  Parameters: {"authenticity_token"=>"[FILTERED]", "article"=>{"title"=>"", "body"=>""}, "commit"=>"Create Article"}
  Rendering layout layouts/application.html.erb
  Rendering articles/new.html.erb within layouts/application
  Rendered articles/_form.html.erb (Duration: 15.2ms | Allocations: 3907)
  Rendered articles/new.html.erb within layouts/application (Duration: 15.7ms | Allocations: 4040)
  Rendered layout layouts/application.html.erb (Duration: 20.0ms | Allocations: 6332)
Completed 422 Unprocessable Entity in 25ms (Views: 21.1ms | ActiveRecord: 0.0ms | Allocations: 7880)


Started POST "/articles" for ::1 at 2022-08-28 16:24:38 +0300
Processing by ArticlesController#create as TURBO_STREAM
  Parameters: {"authenticity_token"=>"[FILTERED]", "article"=>{"title"=>"shdfhshs", "body"=>"aegrhgearh"}, "commit"=>"Create Article"}
  [1m[36mTRANSACTION (0.1ms)[0m  [1m[36mbegin transaction[0m
  ↳ app/controllers/articles_controller.rb:17:in `create'
  [1m[36mArticle Create (0.2ms)[0m  [1m[32mINSERT INTO "articles" ("title", "body", "created_at", "updated_at") VALUES (?, ?, ?, ?)[0m  [["title", "shdfhshs"], ["body", "aegrhgearh"], ["created_at", "2022-08-28 13:24:38.758780"], ["updated_at", "2022-08-28 13:24:38.758780"]]
  ↳ app/controllers/articles_controller.rb:17:in `create'
  [1m[36mTRANSACTION (173.8ms)[0m  [1m[36mcommit transaction[0m
  ↳ app/controllers/articles_controller.rb:17:in `create'
Redirected to http://localhost:3000/articles/2
Completed 302 Found in 180ms (ActiveRecord: 174.1ms | Allocations: 3249)


Started GET "/articles/2" for ::1 at 2022-08-28 16:24:38 +0300
Processing by ArticlesController#show as TURBO_STREAM
  Parameters: {"id"=>"2"}
  [1m[36mArticle Load (0.3ms)[0m  [1m[34mSELECT "articles".* FROM "articles" WHERE "articles"."id" = ? LIMIT ?[0m  [["id", 2], ["LIMIT", 1]]
  ↳ app/controllers/articles_controller.rb:7:in `show'
  Rendering layout layouts/application.html.erb
  Rendering articles/show.html.erb within layouts/application
  Rendered articles/show.html.erb within layouts/application (Duration: 20.0ms | Allocations: 7528)
  Rendered layout layouts/application.html.erb (Duration: 20.4ms | Allocations: 7617)
Completed 500 Internal Server Error in 25ms (ActiveRecord: 0.3ms | Allocations: 8369)


  
ActionView::Template::Error (undefined method `comments' for #<Article id: 2, title: "shdfhshs", body: "aegrhgearh", created_at: "2022-08-28 13:24:38.758780000 +0000", updated_at: "2022-08-28 13:24:38.758780000 +0000">
Did you mean?  committed!):
    11: </ul>
    12: 
    13: <h2>Comments</h2>
    14: <% @article.comments.each do |comment| %>
    15:   <p>
    16:     <strong>Commenter:</strong>
    17:     <%= comment.commenter %>
  
app/views/articles/show.html.erb:14
Started GET "/articles/new" for ::1 at 2022-08-28 16:27:18 +0300
Processing by ArticlesController#new as HTML
  Rendering layout layouts/application.html.erb
  Rendering articles/new.html.erb within layouts/application
  Rendered articles/_form.html.erb (Duration: 1.9ms | Allocations: 1520)
  Rendered articles/new.html.erb within layouts/application (Duration: 2.5ms | Allocations: 1819)
  Rendered layout layouts/application.html.erb (Duration: 5.4ms | Allocations: 4410)
Completed 200 OK in 7ms (Views: 6.5ms | ActiveRecord: 0.0ms | Allocations: 5251)


Started POST "/articles" for ::1 at 2022-08-28 16:27:24 +0300
Processing by ArticlesController#create as TURBO_STREAM
  Parameters: {"authenticity_token"=>"[FILTERED]", "article"=>{"title"=>"hzdhdh", "body"=>"zhh"}, "commit"=>"Create Article"}
  Rendering layout layouts/application.html.erb
  Rendering articles/new.html.erb within layouts/application
  Rendered articles/_form.html.erb (Duration: 8.3ms | Allocations: 1798)
  Rendered articles/new.html.erb within layouts/application (Duration: 8.9ms | Allocations: 1925)
  Rendered layout layouts/application.html.erb (Duration: 15.1ms | Allocations: 4116)
Completed 422 Unprocessable Entity in 19ms (Views: 16.2ms | ActiveRecord: 0.0ms | Allocations: 5249)


Started POST "/articles" for ::1 at 2022-08-28 16:27:25 +0300
Processing by ArticlesController#create as TURBO_STREAM
  Parameters: {"authenticity_token"=>"[FILTERED]", "article"=>{"title"=>"hzdhdh", "body"=>"zhh"}, "commit"=>"Create Article"}
  Rendering layout layouts/application.html.erb
  Rendering articles/new.html.erb within layouts/application
  Rendered articles/_form.html.erb (Duration: 8.3ms | Allocations: 1787)
  Rendered articles/new.html.erb within layouts/application (Duration: 8.9ms | Allocations: 1871)
  Rendered layout layouts/application.html.erb (Duration: 16.5ms | Allocations: 4062)
Completed 422 Unprocessable Entity in 21ms (Views: 17.7ms | ActiveRecord: 0.0ms | Allocations: 5086)


Started POST "/articles" for ::1 at 2022-08-28 16:27:29 +0300
Processing by ArticlesController#create as TURBO_STREAM
  Parameters: {"authenticity_token"=>"[FILTERED]", "article"=>{"title"=>"hzdhdhhzhdd", "body"=>"zhhhdzhzarhd"}, "commit"=>"Create Article"}
  [1m[36mTRANSACTION (0.1ms)[0m  [1m[36mbegin transaction[0m
  ↳ app/controllers/articles_controller.rb:17:in `create'
  [1m[36mArticle Create (0.6ms)[0m  [1m[32mINSERT INTO "articles" ("title", "body", "created_at", "updated_at") VALUES (?, ?, ?, ?)[0m  [["title", "hzdhdhhzhdd"], ["body", "zhhhdzhzarhd"], ["created_at", "2022-08-28 13:27:29.717507"], ["updated_at", "2022-08-28 13:27:29.717507"]]
  ↳ app/controllers/articles_controller.rb:17:in `create'
  [1m[36mTRANSACTION (146.9ms)[0m  [1m[36mcommit transaction[0m
  ↳ app/controllers/articles_controller.rb:17:in `create'
Redirected to http://localhost:3000/articles/3
Completed 302 Found in 159ms (ActiveRecord: 147.7ms | Allocations: 2322)


Started GET "/articles/3" for ::1 at 2022-08-28 16:27:29 +0300
Processing by ArticlesController#show as TURBO_STREAM
  Parameters: {"id"=>"3"}
  [1m[36mArticle Load (0.3ms)[0m  [1m[34mSELECT "articles".* FROM "articles" WHERE "articles"."id" = ? LIMIT ?[0m  [["id", 3], ["LIMIT", 1]]
  ↳ app/controllers/articles_controller.rb:7:in `show'
  Rendering layout layouts/application.html.erb
  Rendering articles/show.html.erb within layouts/application
  Rendered articles/show.html.erb within layouts/application (Duration: 25.9ms | Allocations: 7905)
  Rendered layout layouts/application.html.erb (Duration: 26.3ms | Allocations: 7993)
Completed 500 Internal Server Error in 31ms (ActiveRecord: 0.3ms | Allocations: 8794)


  
ActionView::Template::Error (undefined method `comments' for #<Article id: 3, title: "hzdhdhhzhdd", body: "zhhhdzhzarhd", created_at: "2022-08-28 13:27:29.717507000 +0000", updated_at: "2022-08-28 13:27:29.717507000 +0000">
Did you mean?  committed!):
    11: </ul>
    12: 
    13: <h2>Comments</h2>
    14: <% @article.comments.each do |comment| %>
    15:   <p>
    16:     <strong>Commenter:</strong>
    17:     <%= comment.commenter %>
  
app/views/articles/show.html.erb:14
Started GET "/articles/new" for ::1 at 2022-08-28 16:30:43 +0300
Processing by ArticlesController#new as HTML
  [1m[35m (0.0ms)[0m  [1m[34mSELECT sqlite_version(*)[0m
  ↳ app/controllers/articles_controller.rb:11:in `new'
  Rendering layout layouts/application.html.erb
  Rendering articles/new.html.erb within layouts/application
  Rendered articles/_form.html.erb (Duration: 1.4ms | Allocations: 1252)
  Rendered articles/new.html.erb within layouts/application (Duration: 1.5ms | Allocations: 1344)
  Rendered layout layouts/application.html.erb (Duration: 14.8ms | Allocations: 15023)
Completed 200 OK in 19ms (Views: 15.7ms | ActiveRecord: 0.5ms | Allocations: 18600)


Started POST "/articles" for ::1 at 2022-08-28 16:30:47 +0300
Processing by ArticlesController#create as TURBO_STREAM
  Parameters: {"authenticity_token"=>"[FILTERED]", "article"=>{"title"=>"shdfhshs", "body"=>"gsehsrjnrsjnr"}, "commit"=>"Create Article"}
  [1m[36mTRANSACTION (0.1ms)[0m  [1m[36mbegin transaction[0m
  ↳ app/controllers/articles_controller.rb:17:in `create'
  [1m[36mArticle Create (0.7ms)[0m  [1m[32mINSERT INTO "articles" ("title", "body", "created_at", "updated_at") VALUES (?, ?, ?, ?)[0m  [["title", "shdfhshs"], ["body", "gsehsrjnrsjnr"], ["created_at", "2022-08-28 13:30:47.836314"], ["updated_at", "2022-08-28 13:30:47.836314"]]
  ↳ app/controllers/articles_controller.rb:17:in `create'
  [1m[36mTRANSACTION (157.3ms)[0m  [1m[36mcommit transaction[0m
  ↳ app/controllers/articles_controller.rb:17:in `create'
Redirected to http://localhost:3000/articles/4
Completed 302 Found in 170ms (ActiveRecord: 158.2ms | Allocations: 2609)


Started GET "/articles/4" for ::1 at 2022-08-28 16:30:48 +0300
Processing by ArticlesController#show as TURBO_STREAM
  Parameters: {"id"=>"4"}
  [1m[36mArticle Load (0.4ms)[0m  [1m[34mSELECT "articles".* FROM "articles" WHERE "articles"."id" = ? LIMIT ?[0m  [["id", 4], ["LIMIT", 1]]
  ↳ app/controllers/articles_controller.rb:7:in `show'
  Rendering layout layouts/application.html.erb
  Rendering articles/show.html.erb within layouts/application
  Rendered articles/show.html.erb within layouts/application (Duration: 21.4ms | Allocations: 7516)
  Rendered layout layouts/application.html.erb (Duration: 21.9ms | Allocations: 7604)
Completed 500 Internal Server Error in 28ms (ActiveRecord: 0.4ms | Allocations: 9094)


  
ActionView::Template::Error (undefined method `comments' for #<Article id: 4, title: "shdfhshs", body: "gsehsrjnrsjnr", created_at: "2022-08-28 13:30:47.836314000 +0000", updated_at: "2022-08-28 13:30:47.836314000 +0000">
Did you mean?  committed!):
    11: </ul>
    12: 
    13: <h2>Comments</h2>
    14: <% @article.comments.each do |comment| %>
    15:   <p>
    16:     <strong>Commenter:</strong>
    17:     <%= comment.commenter %>
  
app/views/articles/show.html.erb:14
Started GET "/" for ::1 at 2022-08-28 16:35:03 +0300
Processing by ArticlesController#index as HTML
  Rendering layout layouts/application.html.erb
  Rendering articles/index.html.erb within layouts/application
  [1m[36mArticle Load (0.4ms)[0m  [1m[34mSELECT "articles".* FROM "articles"[0m
  ↳ app/views/articles/index.html.erb:4
  Rendered articles/index.html.erb within layouts/application (Duration: 6.3ms | Allocations: 1042)
  Rendered layout layouts/application.html.erb (Duration: 13.2ms | Allocations: 3435)
Completed 200 OK in 16ms (Views: 13.8ms | ActiveRecord: 0.4ms | Allocations: 3769)


Started GET "/articles/1" for ::1 at 2022-08-28 16:35:06 +0300
Processing by ArticlesController#show as HTML
  Parameters: {"id"=>"1"}
  [1m[36mArticle Load (0.2ms)[0m  [1m[34mSELECT "articles".* FROM "articles" WHERE "articles"."id" = ? LIMIT ?[0m  [["id", 1], ["LIMIT", 1]]
  ↳ app/controllers/articles_controller.rb:7:in `show'
  Rendering layout layouts/application.html.erb
  Rendering articles/show.html.erb within layouts/application
  Rendered articles/show.html.erb within layouts/application (Duration: 18.3ms | Allocations: 7498)
  Rendered layout layouts/application.html.erb (Duration: 18.7ms | Allocations: 7586)
Completed 500 Internal Server Error in 22ms (ActiveRecord: 0.2ms | Allocations: 8310)


  
ActionView::Template::Error (undefined method `comments' for #<Article id: 1, title: "Hello Rails", body: "I am on Rails!", created_at: "2022-08-28 12:28:27.414359000 +0000", updated_at: "2022-08-28 12:28:27.414359000 +0000">
Did you mean?  committed!):
    11: </ul>
    12: 
    13: <h2>Comments</h2>
    14: <% @article.comments.each do |comment| %>
    15:   <p>
    16:     <strong>Commenter:</strong>
    17:     <%= comment.commenter %>
  
app/views/articles/show.html.erb:14
Started GET "/" for ::1 at 2022-08-28 16:35:08 +0300
Processing by ArticlesController#index as HTML
  Rendering layout layouts/application.html.erb
  Rendering articles/index.html.erb within layouts/application
  [1m[36mArticle Load (0.2ms)[0m  [1m[34mSELECT "articles".* FROM "articles"[0m
  ↳ app/views/articles/index.html.erb:4
  Rendered articles/index.html.erb within layouts/application (Duration: 2.4ms | Allocations: 794)
  Rendered layout layouts/application.html.erb (Duration: 7.7ms | Allocations: 3181)
Completed 200 OK in 10ms (Views: 8.8ms | ActiveRecord: 0.2ms | Allocations: 3459)


Started GET "/articles/2" for ::1 at 2022-08-28 16:35:09 +0300
Processing by ArticlesController#show as HTML
  Parameters: {"id"=>"2"}
  [1m[36mArticle Load (0.3ms)[0m  [1m[34mSELECT "articles".* FROM "articles" WHERE "articles"."id" = ? LIMIT ?[0m  [["id", 2], ["LIMIT", 1]]
  ↳ app/controllers/articles_controller.rb:7:in `show'
  Rendering layout layouts/application.html.erb
  Rendering articles/show.html.erb within layouts/application
  Rendered articles/show.html.erb within layouts/application (Duration: 28.8ms | Allocations: 7500)
  Rendered layout layouts/application.html.erb (Duration: 29.4ms | Allocations: 7589)
Completed 500 Internal Server Error in 34ms (ActiveRecord: 0.3ms | Allocations: 8331)


  
ActionView::Template::Error (undefined method `comments' for #<Article id: 2, title: "shdfhshs", body: "aegrhgearh", created_at: "2022-08-28 13:24:38.758780000 +0000", updated_at: "2022-08-28 13:24:38.758780000 +0000">
Did you mean?  committed!):
    11: </ul>
    12: 
    13: <h2>Comments</h2>
    14: <% @article.comments.each do |comment| %>
    15:   <p>
    16:     <strong>Commenter:</strong>
    17:     <%= comment.commenter %>
  
app/views/articles/show.html.erb:14
Started GET "/" for ::1 at 2022-08-28 16:35:14 +0300
Processing by ArticlesController#index as HTML
  Rendering layout layouts/application.html.erb
  Rendering articles/index.html.erb within layouts/application
  [1m[36mArticle Load (0.1ms)[0m  [1m[34mSELECT "articles".* FROM "articles"[0m
  ↳ app/views/articles/index.html.erb:4
  Rendered articles/index.html.erb within layouts/application (Duration: 1.9ms | Allocations: 794)
  Rendered layout layouts/application.html.erb (Duration: 5.2ms | Allocations: 3163)
Completed 200 OK in 7ms (Views: 6.3ms | ActiveRecord: 0.1ms | Allocations: 3441)


Started GET "/" for ::1 at 2022-08-28 16:37:03 +0300
Processing by ArticlesController#index as HTML
  Rendering layout layouts/application.html.erb
  Rendering articles/index.html.erb within layouts/application
  [1m[36mArticle Load (0.6ms)[0m  [1m[34mSELECT "articles".* FROM "articles"[0m
  ↳ app/views/articles/index.html.erb:4
  Rendered articles/index.html.erb within layouts/application (Duration: 2.9ms | Allocations: 794)
  Rendered layout layouts/application.html.erb (Duration: 8.4ms | Allocations: 3142)
Completed 200 OK in 10ms (Views: 8.5ms | ActiveRecord: 0.6ms | Allocations: 3420)


Started GET "/articles/1" for ::1 at 2022-08-28 16:37:10 +0300
Processing by ArticlesController#show as HTML
  Parameters: {"id"=>"1"}
  [1m[36mArticle Load (0.2ms)[0m  [1m[34mSELECT "articles".* FROM "articles" WHERE "articles"."id" = ? LIMIT ?[0m  [["id", 1], ["LIMIT", 1]]
  ↳ app/controllers/articles_controller.rb:7:in `show'
  Rendering layout layouts/application.html.erb
  Rendering articles/show.html.erb within layouts/application
  Rendered articles/show.html.erb within layouts/application (Duration: 13.7ms | Allocations: 7498)
  Rendered layout layouts/application.html.erb (Duration: 14.1ms | Allocations: 7586)
Completed 500 Internal Server Error in 17ms (ActiveRecord: 0.2ms | Allocations: 8310)


  
ActionView::Template::Error (undefined method `comments' for #<Article id: 1, title: "Hello Rails", body: "I am on Rails!", created_at: "2022-08-28 12:28:27.414359000 +0000", updated_at: "2022-08-28 12:28:27.414359000 +0000">
Did you mean?  committed!):
    11: </ul>
    12: 
    13: <h2>Comments</h2>
    14: <% @article.comments.each do |comment| %>
    15:   <p>
    16:     <strong>Commenter:</strong>
    17:     <%= comment.commenter %>
  
app/views/articles/show.html.erb:14
Started GET "/" for ::1 at 2022-08-28 16:37:17 +0300
Processing by ArticlesController#index as HTML
  Rendering layout layouts/application.html.erb
  Rendering articles/index.html.erb within layouts/application
  [1m[36mArticle Load (0.1ms)[0m  [1m[34mSELECT "articles".* FROM "articles"[0m
  ↳ app/views/articles/index.html.erb:4
  Rendered articles/index.html.erb within layouts/application (Duration: 2.4ms | Allocations: 794)
  Rendered layout layouts/application.html.erb (Duration: 6.5ms | Allocations: 3145)
Completed 200 OK in 8ms (Views: 7.0ms | ActiveRecord: 0.1ms | Allocations: 3423)


Started GET "/" for ::1 at 2022-08-28 16:38:05 +0300
Processing by ArticlesController#index as HTML
  Rendering layout layouts/application.html.erb
  Rendering articles/index.html.erb within layouts/application
  [1m[36mArticle Load (0.1ms)[0m  [1m[34mSELECT "articles".* FROM "articles"[0m
  ↳ app/views/articles/index.html.erb:4
  Rendered articles/index.html.erb within layouts/application (Duration: 1.9ms | Allocations: 1161)
  Rendered layout layouts/application.html.erb (Duration: 4.6ms | Allocations: 3961)
Completed 200 OK in 6ms (Views: 5.4ms | ActiveRecord: 0.1ms | Allocations: 4792)


Started GET "/articles/1" for ::1 at 2022-08-28 16:38:08 +0300
Processing by ArticlesController#show as HTML
  Parameters: {"id"=>"1"}
  [1m[36mArticle Load (0.1ms)[0m  [1m[34mSELECT "articles".* FROM "articles" WHERE "articles"."id" = ? LIMIT ?[0m  [["id", 1], ["LIMIT", 1]]
  ↳ app/controllers/articles_controller.rb:7:in `show'
  Rendering layout layouts/application.html.erb
  Rendering articles/show.html.erb within layouts/application
  Rendered articles/show.html.erb within layouts/application (Duration: 0.3ms | Allocations: 113)
  Rendered layout layouts/application.html.erb (Duration: 2.2ms | Allocations: 2456)
Completed 200 OK in 3ms (Views: 2.5ms | ActiveRecord: 0.1ms | Allocations: 3307)


Started GET "/articles/1" for ::1 at 2022-08-28 16:38:16 +0300
Processing by ArticlesController#show as HTML
  Parameters: {"id"=>"1"}
  [1m[36mArticle Load (0.1ms)[0m  [1m[34mSELECT "articles".* FROM "articles" WHERE "articles"."id" = ? LIMIT ?[0m  [["id", 1], ["LIMIT", 1]]
  ↳ app/controllers/articles_controller.rb:7:in `show'
  Rendering layout layouts/application.html.erb
  Rendering articles/show.html.erb within layouts/application
  Rendered articles/show.html.erb within layouts/application (Duration: 0.0ms | Allocations: 18)
  Rendered layout layouts/application.html.erb (Duration: 2.3ms | Allocations: 2376)
Completed 200 OK in 4ms (Views: 2.7ms | ActiveRecord: 0.1ms | Allocations: 3129)


Started GET "/articles/2" for ::1 at 2022-08-28 16:38:17 +0300
Processing by ArticlesController#show as HTML
  Parameters: {"id"=>"2"}
  [1m[36mArticle Load (0.1ms)[0m  [1m[34mSELECT "articles".* FROM "articles" WHERE "articles"."id" = ? LIMIT ?[0m  [["id", 2], ["LIMIT", 1]]
  ↳ app/controllers/articles_controller.rb:7:in `show'
  Rendering layout layouts/application.html.erb
  Rendering articles/show.html.erb within layouts/application
  Rendered articles/show.html.erb within layouts/application (Duration: 0.0ms | Allocations: 18)
  Rendered layout layouts/application.html.erb (Duration: 2.0ms | Allocations: 2373)
Completed 200 OK in 3ms (Views: 2.3ms | ActiveRecord: 0.1ms | Allocations: 3126)


Started GET "/articles/new" for ::1 at 2022-08-28 16:38:24 +0300
Processing by ArticlesController#new as HTML
  Rendering layout layouts/application.html.erb
  Rendering articles/new.html.erb within layouts/application
  Rendered articles/_form.html.erb (Duration: 1.5ms | Allocations: 1401)
  Rendered articles/new.html.erb within layouts/application (Duration: 2.1ms | Allocations: 1668)
  Rendered layout layouts/application.html.erb (Duration: 3.7ms | Allocations: 3867)
Completed 200 OK in 4ms (Views: 4.0ms | ActiveRecord: 0.0ms | Allocations: 4207)


Started GET "/articles/1" for ::1 at 2022-08-28 16:38:47 +0300
Processing by ArticlesController#show as HTML
  Parameters: {"id"=>"1"}
  [1m[36mArticle Load (0.3ms)[0m  [1m[34mSELECT "articles".* FROM "articles" WHERE "articles"."id" = ? LIMIT ?[0m  [["id", 1], ["LIMIT", 1]]
  ↳ app/controllers/articles_controller.rb:7:in `show'
  Rendering layout layouts/application.html.erb
  Rendering articles/show.html.erb within layouts/application
  Rendered articles/show.html.erb within layouts/application (Duration: 0.1ms | Allocations: 18)
  Rendered layout layouts/application.html.erb (Duration: 10.6ms | Allocations: 2367)
Completed 200 OK in 16ms (Views: 12.2ms | ActiveRecord: 0.3ms | Allocations: 3120)


Started GET "/articles/1" for ::1 at 2022-08-28 16:39:37 +0300
Processing by ArticlesController#show as HTML
  Parameters: {"id"=>"1"}
  [1m[36mArticle Load (0.1ms)[0m  [1m[34mSELECT "articles".* FROM "articles" WHERE "articles"."id" = ? LIMIT ?[0m  [["id", 1], ["LIMIT", 1]]
  ↳ app/controllers/articles_controller.rb:7:in `show'
  Rendering layout layouts/application.html.erb
  Rendering articles/show.html.erb within layouts/application
  Rendered articles/show.html.erb within layouts/application (Duration: 0.7ms | Allocations: 192)
  Rendered layout layouts/application.html.erb (Duration: 5.8ms | Allocations: 3027)
Completed 200 OK in 14ms (Views: 7.6ms | ActiveRecord: 0.1ms | Allocations: 4348)


Started GET "/articles/1" for ::1 at 2022-08-28 16:40:50 +0300
Processing by ArticlesController#show as HTML
  Parameters: {"id"=>"1"}
  [1m[36mArticle Load (0.3ms)[0m  [1m[34mSELECT "articles".* FROM "articles" WHERE "articles"."id" = ? LIMIT ?[0m  [["id", 1], ["LIMIT", 1]]
  ↳ app/controllers/articles_controller.rb:7:in `show'
  Rendering layout layouts/application.html.erb
  Rendering articles/show.html.erb within layouts/application
  Rendered articles/show.html.erb within layouts/application (Duration: 0.2ms | Allocations: 22)
  Rendered layout layouts/application.html.erb (Duration: 9.8ms | Allocations: 2357)
Completed 200 OK in 17ms (Views: 11.5ms | ActiveRecord: 0.3ms | Allocations: 3184)


Started GET "/articles/2" for ::1 at 2022-08-28 16:41:03 +0300
Processing by ArticlesController#show as HTML
  Parameters: {"id"=>"2"}
  [1m[36mArticle Load (0.1ms)[0m  [1m[34mSELECT "articles".* FROM "articles" WHERE "articles"."id" = ? LIMIT ?[0m  [["id", 2], ["LIMIT", 1]]
  ↳ app/controllers/articles_controller.rb:7:in `show'
  Rendering layout layouts/application.html.erb
  Rendering articles/show.html.erb within layouts/application
  Rendered articles/show.html.erb within layouts/application (Duration: 0.1ms | Allocations: 22)
  Rendered layout layouts/application.html.erb (Duration: 3.4ms | Allocations: 2351)
Completed 200 OK in 5ms (Views: 3.9ms | ActiveRecord: 0.1ms | Allocations: 3104)


Started GET "/" for ::1 at 2022-08-28 16:48:20 +0300
  [1m[35m (0.3ms)[0m  [1m[34mSELECT sqlite_version(*)[0m
  [1m[36mActiveRecord::SchemaMigration Pluck (0.2ms)[0m  [1m[34mSELECT "schema_migrations"."version" FROM "schema_migrations" ORDER BY "schema_migrations"."version" ASC[0m
Processing by ArticlesController#index as HTML
  Rendering layout layouts/application.html.erb
  Rendering articles/index.html.erb within layouts/application
  [1m[36mArticle Load (0.1ms)[0m  [1m[34mSELECT "articles".* FROM "articles"[0m
  ↳ app/views/articles/index.html.erb:4
  Rendered articles/index.html.erb within layouts/application (Duration: 4.9ms | Allocations: 5191)
  Rendered layout layouts/application.html.erb (Duration: 34.7ms | Allocations: 39620)
Completed 200 OK in 40ms (Views: 35.8ms | ActiveRecord: 0.5ms | Allocations: 43959)


Started GET "/articles/1" for ::1 at 2022-08-28 16:48:22 +0300
Processing by ArticlesController#show as HTML
  Parameters: {"id"=>"1"}
  [1m[36mArticle Load (0.5ms)[0m  [1m[34mSELECT "articles".* FROM "articles" WHERE "articles"."id" = ? LIMIT ?[0m  [["id", 1], ["LIMIT", 1]]
  ↳ app/controllers/articles_controller.rb:7:in `show'
  Rendering layout layouts/application.html.erb
  Rendering articles/show.html.erb within layouts/application
  Rendered articles/show.html.erb within layouts/application (Duration: 1.4ms | Allocations: 200)
  Rendered layout layouts/application.html.erb (Duration: 9.9ms | Allocations: 2755)
Completed 200 OK in 21ms (Views: 11.4ms | ActiveRecord: 0.5ms | Allocations: 5547)


Started GET "/articles/2" for ::1 at 2022-08-28 16:48:26 +0300
Processing by ArticlesController#show as HTML
  Parameters: {"id"=>"2"}
  [1m[36mArticle Load (0.1ms)[0m  [1m[34mSELECT "articles".* FROM "articles" WHERE "articles"."id" = ? LIMIT ?[0m  [["id", 2], ["LIMIT", 1]]
  ↳ app/controllers/articles_controller.rb:7:in `show'
  Rendering layout layouts/application.html.erb
  Rendering articles/show.html.erb within layouts/application
  Rendered articles/show.html.erb within layouts/application (Duration: 0.0ms | Allocations: 22)
  Rendered layout layouts/application.html.erb (Duration: 1.8ms | Allocations: 2373)
Completed 200 OK in 3ms (Views: 2.1ms | ActiveRecord: 0.1ms | Allocations: 3149)


Started GET "/articles/new" for ::1 at 2022-08-28 16:48:27 +0300
Processing by ArticlesController#new as HTML
  Rendering layout layouts/application.html.erb
  Rendering articles/new.html.erb within layouts/application
  Rendered articles/_form.html.erb (Duration: 12.1ms | Allocations: 12855)
  Rendered articles/new.html.erb within layouts/application (Duration: 12.8ms | Allocations: 13150)
  Rendered layout layouts/application.html.erb (Duration: 15.1ms | Allocations: 15463)
Completed 200 OK in 16ms (Views: 15.6ms | ActiveRecord: 0.0ms | Allocations: 15865)


Started POST "/articles" for ::1 at 2022-08-28 16:48:51 +0300
Processing by ArticlesController#create as TURBO_STREAM
  Parameters: {"authenticity_token"=>"[FILTERED]", "article"=>{"title"=>"Hello World", "body"=>"Hello World\n"}, "commit"=>"Create Article"}
  [1m[36mTRANSACTION (0.0ms)[0m  [1m[36mbegin transaction[0m
  ↳ app/controllers/articles_controller.rb:17:in `create'
  [1m[36mArticle Create (0.2ms)[0m  [1m[32mINSERT INTO "articles" ("title", "body", "created_at", "updated_at") VALUES (?, ?, ?, ?)[0m  [["title", "Hello World"], ["body", "Hello World\n"], ["created_at", "2022-08-28 13:48:51.542409"], ["updated_at", "2022-08-28 13:48:51.542409"]]
  ↳ app/controllers/articles_controller.rb:17:in `create'
  [1m[36mTRANSACTION (143.3ms)[0m  [1m[36mcommit transaction[0m
  ↳ app/controllers/articles_controller.rb:17:in `create'
Redirected to http://localhost:3000/articles/5
Completed 302 Found in 149ms (ActiveRecord: 143.5ms | Allocations: 3739)


Started GET "/articles/5" for ::1 at 2022-08-28 16:48:51 +0300
Processing by ArticlesController#show as TURBO_STREAM
  Parameters: {"id"=>"5"}
  [1m[36mArticle Load (0.3ms)[0m  [1m[34mSELECT "articles".* FROM "articles" WHERE "articles"."id" = ? LIMIT ?[0m  [["id", 5], ["LIMIT", 1]]
  ↳ app/controllers/articles_controller.rb:7:in `show'
  Rendering layout layouts/application.html.erb
  Rendering articles/show.html.erb within layouts/application
  Rendered articles/show.html.erb within layouts/application (Duration: 0.2ms | Allocations: 25)
  Rendered layout layouts/application.html.erb (Duration: 8.1ms | Allocations: 2495)
Completed 200 OK in 13ms (Views: 9.4ms | ActiveRecord: 0.3ms | Allocations: 3357)


Started GET "/" for ::1 at 2022-08-28 16:49:55 +0300
Processing by ArticlesController#index as HTML
  Rendering layout layouts/application.html.erb
  Rendering articles/index.html.erb within layouts/application
  [1m[36mArticle Load (1.8ms)[0m  [1m[34mSELECT "articles".* FROM "articles"[0m
  ↳ app/views/articles/index.html.erb:4
  Rendered articles/index.html.erb within layouts/application (Duration: 6.1ms | Allocations: 872)
  Rendered layout layouts/application.html.erb (Duration: 15.5ms | Allocations: 3239)
Completed 200 OK in 18ms (Views: 15.3ms | ActiveRecord: 1.8ms | Allocations: 3522)


Started GET "/articles/3" for ::1 at 2022-08-28 16:50:00 +0300
Processing by ArticlesController#show as HTML
  Parameters: {"id"=>"3"}
  [1m[36mArticle Load (0.1ms)[0m  [1m[34mSELECT "articles".* FROM "articles" WHERE "articles"."id" = ? LIMIT ?[0m  [["id", 3], ["LIMIT", 1]]
  ↳ app/controllers/articles_controller.rb:7:in `show'
  Rendering layout layouts/application.html.erb
  Rendering articles/show.html.erb within layouts/application
  Rendered articles/show.html.erb within layouts/application (Duration: 0.1ms | Allocations: 22)
  Rendered layout layouts/application.html.erb (Duration: 2.0ms | Allocations: 2366)
Completed 200 OK in 3ms (Views: 2.4ms | ActiveRecord: 0.1ms | Allocations: 3119)


Started GET "/" for ::1 at 2022-08-28 16:55:29 +0300
  [1m[35m (0.4ms)[0m  [1m[34mSELECT sqlite_version(*)[0m
  [1m[36mActiveRecord::SchemaMigration Pluck (0.1ms)[0m  [1m[34mSELECT "schema_migrations"."version" FROM "schema_migrations" ORDER BY "schema_migrations"."version" ASC[0m
Processing by ArticlesController#index as HTML
  Rendering layout layouts/application.html.erb
  Rendering articles/index.html.erb within layouts/application
  [1m[36mArticle Load (0.1ms)[0m  [1m[34mSELECT "articles".* FROM "articles"[0m
  ↳ app/views/articles/index.html.erb:4
  Rendered articles/index.html.erb within layouts/application (Duration: 5.2ms | Allocations: 5238)
  Rendered layout layouts/application.html.erb (Duration: 36.9ms | Allocations: 40132)
Completed 200 OK in 43ms (Views: 38.1ms | ActiveRecord: 0.5ms | Allocations: 44471)


Started GET "/articles/1" for ::1 at 2022-08-28 16:55:31 +0300
Processing by ArticlesController#show as HTML
  Parameters: {"id"=>"1"}
  [1m[36mArticle Load (0.6ms)[0m  [1m[34mSELECT "articles".* FROM "articles" WHERE "articles"."id" = ? LIMIT ?[0m  [["id", 1], ["LIMIT", 1]]
  ↳ app/controllers/articles_controller.rb:7:in `show'
  Rendering layout layouts/application.html.erb
  Rendering articles/show.html.erb within layouts/application
  Rendered articles/show.html.erb within layouts/application (Duration: 7.7ms | Allocations: 200)
  Rendered layout layouts/application.html.erb (Duration: 16.2ms | Allocations: 2737)
Completed 200 OK in 26ms (Views: 17.4ms | ActiveRecord: 0.6ms | Allocations: 5529)


Started GET "/" for ::1 at 2022-08-29 14:18:32 +0300
  [1m[35m (9.2ms)[0m  [1m[34mSELECT sqlite_version(*)[0m
  [1m[36mActiveRecord::SchemaMigration Pluck (0.5ms)[0m  [1m[34mSELECT "schema_migrations"."version" FROM "schema_migrations" ORDER BY "schema_migrations"."version" ASC[0m
Processing by ArticlesController#index as HTML
  Rendering layout layouts/application.html.erb
  Rendering articles/index.html.erb within layouts/application
  [1m[36mArticle Load (0.2ms)[0m  [1m[34mSELECT "articles".* FROM "articles"[0m
  ↳ app/views/articles/index.html.erb:4
  Rendered articles/index.html.erb within layouts/application (Duration: 43.6ms | Allocations: 5239)
  Rendered layout layouts/application.html.erb (Duration: 210.2ms | Allocations: 43803)
Completed 200 OK in 238ms (Views: 213.0ms | ActiveRecord: 0.9ms | Allocations: 48191)


Started GET "/articles/1" for ::1 at 2022-08-29 14:18:35 +0300
Processing by ArticlesController#show as HTML
  Parameters: {"id"=>"1"}
  [1m[36mArticle Load (0.2ms)[0m  [1m[34mSELECT "articles".* FROM "articles" WHERE "articles"."id" = ? LIMIT ?[0m  [["id", 1], ["LIMIT", 1]]
  ↳ app/controllers/articles_controller.rb:7:in `show'
  Rendering layout layouts/application.html.erb
  Rendering articles/show.html.erb within layouts/application
  Rendered articles/show.html.erb within layouts/application (Duration: 15.8ms | Allocations: 203)
  Rendered layout layouts/application.html.erb (Duration: 24.2ms | Allocations: 2760)
Completed 200 OK in 29ms (Views: 25.0ms | ActiveRecord: 0.2ms | Allocations: 5552)


Started GET "/" for ::1 at 2022-09-02 17:39:43 +0300
  [1m[35m (2.4ms)[0m  [1m[34mSELECT sqlite_version(*)[0m
  [1m[36mActiveRecord::SchemaMigration Pluck (0.5ms)[0m  [1m[34mSELECT "schema_migrations"."version" FROM "schema_migrations" ORDER BY "schema_migrations"."version" ASC[0m
Processing by ArticlesController#index as HTML
  Rendering layout layouts/application.html.erb
  Rendering articles/index.html.erb within layouts/application
  [1m[36mArticle Load (0.2ms)[0m  [1m[34mSELECT "articles".* FROM "articles"[0m
  ↳ app/views/articles/index.html.erb:4
  Rendered articles/index.html.erb within layouts/application (Duration: 11.5ms | Allocations: 5238)
  Rendered layout layouts/application.html.erb (Duration: 189.7ms | Allocations: 39977)
Completed 200 OK in 217ms (Views: 194.4ms | ActiveRecord: 1.1ms | Allocations: 44316)


Started GET "/articles/1" for ::1 at 2022-09-02 17:39:50 +0300
Processing by ArticlesController#show as HTML
  Parameters: {"id"=>"1"}
  [1m[36mArticle Load (0.6ms)[0m  [1m[34mSELECT "articles".* FROM "articles" WHERE "articles"."id" = ? LIMIT ?[0m  [["id", 1], ["LIMIT", 1]]
  ↳ app/controllers/articles_controller.rb:7:in `show'
  Rendering layout layouts/application.html.erb
  Rendering articles/show.html.erb within layouts/application
  Rendered articles/show.html.erb within layouts/application (Duration: 17.7ms | Allocations: 200)
  Rendered layout layouts/application.html.erb (Duration: 26.1ms | Allocations: 2751)
Completed 200 OK in 47ms (Views: 27.3ms | ActiveRecord: 0.6ms | Allocations: 5546)


Started GET "/" for ::1 at 2022-09-03 16:09:06 +0300
  [1m[35m (1.3ms)[0m  [1m[34mSELECT sqlite_version(*)[0m
  [1m[36mActiveRecord::SchemaMigration Pluck (0.4ms)[0m  [1m[34mSELECT "schema_migrations"."version" FROM "schema_migrations" ORDER BY "schema_migrations"."version" ASC[0m
Processing by ArticlesController#index as HTML
  Rendering layout layouts/application.html.erb
  Rendering articles/index.html.erb within layouts/application
  [1m[36mArticle Load (0.1ms)[0m  [1m[34mSELECT "articles".* FROM "articles"[0m
  ↳ app/views/articles/index.html.erb:4
  Rendered articles/index.html.erb within layouts/application (Duration: 52.4ms | Allocations: 5238)
  Rendered layout layouts/application.html.erb (Duration: 237.3ms | Allocations: 40155)
Completed 200 OK in 268ms (Views: 245.4ms | ActiveRecord: 3.3ms | Allocations: 44494)


Started GET "/articles/1" for ::1 at 2022-09-03 16:09:08 +0300
Processing by ArticlesController#show as HTML
  Parameters: {"id"=>"1"}
  [1m[36mArticle Load (0.6ms)[0m  [1m[34mSELECT "articles".* FROM "articles" WHERE "articles"."id" = ? LIMIT ?[0m  [["id", 1], ["LIMIT", 1]]
  ↳ app/controllers/articles_controller.rb:7:in `show'
  Rendering layout layouts/application.html.erb
  Rendering articles/show.html.erb within layouts/application
  Rendered articles/show.html.erb within layouts/application (Duration: 8.7ms | Allocations: 205)
  Rendered layout layouts/application.html.erb (Duration: 15.2ms | Allocations: 2754)
Completed 200 OK in 36ms (Views: 16.5ms | ActiveRecord: 0.6ms | Allocations: 5546)


Started GET "/articles/1" for ::1 at 2022-09-03 16:09:10 +0300
Processing by ArticlesController#show as HTML
  Parameters: {"id"=>"1"}
  [1m[36mArticle Load (0.3ms)[0m  [1m[34mSELECT "articles".* FROM "articles" WHERE "articles"."id" = ? LIMIT ?[0m  [["id", 1], ["LIMIT", 1]]
  ↳ app/controllers/articles_controller.rb:7:in `show'
  Rendering layout layouts/application.html.erb
  Rendering articles/show.html.erb within layouts/application
  Rendered articles/show.html.erb within layouts/application (Duration: 0.2ms | Allocations: 22)
  Rendered layout layouts/application.html.erb (Duration: 7.6ms | Allocations: 2379)
Completed 200 OK in 12ms (Views: 8.8ms | ActiveRecord: 0.3ms | Allocations: 3155)


Started GET "/" for ::1 at 2022-09-03 17:05:55 +0300
  [1m[35m (0.3ms)[0m  [1m[34mSELECT sqlite_version(*)[0m
  [1m[36mActiveRecord::SchemaMigration Pluck (0.1ms)[0m  [1m[34mSELECT "schema_migrations"."version" FROM "schema_migrations" ORDER BY "schema_migrations"."version" ASC[0m
Processing by ArticlesController#index as HTML
  Rendering layout layouts/application.html.erb
  Rendering articles/index.html.erb within layouts/application
  [1m[36mArticle Load (0.1ms)[0m  [1m[34mSELECT "articles".* FROM "articles"[0m
  ↳ app/views/articles/index.html.erb:4
  Rendered articles/index.html.erb within layouts/application (Duration: 4.9ms | Allocations: 5239)
  Rendered layout layouts/application.html.erb (Duration: 36.6ms | Allocations: 39647)
Completed 200 OK in 42ms (Views: 37.7ms | ActiveRecord: 0.5ms | Allocations: 43986)


Started GET "/articles/1" for ::1 at 2022-09-03 17:05:58 +0300
Processing by ArticlesController#show as HTML
  Parameters: {"id"=>"1"}
  [1m[36mArticle Load (0.3ms)[0m  [1m[34mSELECT "articles".* FROM "articles" WHERE "articles"."id" = ? LIMIT ?[0m  [["id", 1], ["LIMIT", 1]]
  ↳ app/controllers/articles_controller.rb:7:in `show'
  Rendering layout layouts/application.html.erb
  Rendering articles/show.html.erb within layouts/application
  Rendered articles/show.html.erb within layouts/application (Duration: 0.6ms | Allocations: 200)
  Rendered layout layouts/application.html.erb (Duration: 4.4ms | Allocations: 2734)
Completed 200 OK in 18ms (Views: 5.1ms | ActiveRecord: 0.3ms | Allocations: 11531)


Started GET "/articles/5" for ::1 at 2022-09-03 17:06:01 +0300
Processing by ArticlesController#show as HTML
  Parameters: {"id"=>"5"}
  [1m[36mArticle Load (0.1ms)[0m  [1m[34mSELECT "articles".* FROM "articles" WHERE "articles"."id" = ? LIMIT ?[0m  [["id", 5], ["LIMIT", 1]]
  ↳ app/controllers/articles_controller.rb:7:in `show'
  Rendering layout layouts/application.html.erb
  Rendering articles/show.html.erb within layouts/application
  Rendered articles/show.html.erb within layouts/application (Duration: 0.1ms | Allocations: 22)
  Rendered layout layouts/application.html.erb (Duration: 2.3ms | Allocations: 2388)
Completed 200 OK in 4ms (Views: 2.7ms | ActiveRecord: 0.1ms | Allocations: 3164)


Started GET "/articles/2" for ::1 at 2022-09-03 17:06:02 +0300
Processing by ArticlesController#show as HTML
  Parameters: {"id"=>"2"}
  [1m[36mArticle Load (0.1ms)[0m  [1m[34mSELECT "articles".* FROM "articles" WHERE "articles"."id" = ? LIMIT ?[0m  [["id", 2], ["LIMIT", 1]]
  ↳ app/controllers/articles_controller.rb:7:in `show'
  Rendering layout layouts/application.html.erb
  Rendering articles/show.html.erb within layouts/application
  Rendered articles/show.html.erb within layouts/application (Duration: 0.1ms | Allocations: 22)
  Rendered layout layouts/application.html.erb (Duration: 2.4ms | Allocations: 2382)
Completed 200 OK in 4ms (Views: 2.8ms | ActiveRecord: 0.1ms | Allocations: 3150)


Started GET "/articles/3" for ::1 at 2022-09-03 17:06:04 +0300
Processing by ArticlesController#show as HTML
  Parameters: {"id"=>"3"}
  [1m[36mArticle Load (0.1ms)[0m  [1m[34mSELECT "articles".* FROM "articles" WHERE "articles"."id" = ? LIMIT ?[0m  [["id", 3], ["LIMIT", 1]]
  ↳ app/controllers/articles_controller.rb:7:in `show'
  Rendering layout layouts/application.html.erb
  Rendering articles/show.html.erb within layouts/application
  Rendered articles/show.html.erb within layouts/application (Duration: 0.1ms | Allocations: 22)
  Rendered layout layouts/application.html.erb (Duration: 2.0ms | Allocations: 2369)
Completed 200 OK in 3ms (Views: 2.3ms | ActiveRecord: 0.1ms | Allocations: 3122)


Started GET "/articles/4" for ::1 at 2022-09-03 17:06:06 +0300
Processing by ArticlesController#show as HTML
  Parameters: {"id"=>"4"}
  [1m[36mArticle Load (0.1ms)[0m  [1m[34mSELECT "articles".* FROM "articles" WHERE "articles"."id" = ? LIMIT ?[0m  [["id", 4], ["LIMIT", 1]]
  ↳ app/controllers/articles_controller.rb:7:in `show'
  Rendering layout layouts/application.html.erb
  Rendering articles/show.html.erb within layouts/application
  Rendered articles/show.html.erb within layouts/application (Duration: 0.1ms | Allocations: 22)
  Rendered layout layouts/application.html.erb (Duration: 3.5ms | Allocations: 2364)
Completed 200 OK in 5ms (Views: 4.0ms | ActiveRecord: 0.1ms | Allocations: 3132)


Started GET "/articles/1" for ::1 at 2022-09-03 17:06:08 +0300
Processing by ArticlesController#show as HTML
  Parameters: {"id"=>"1"}
  [1m[36mArticle Load (0.1ms)[0m  [1m[34mSELECT "articles".* FROM "articles" WHERE "articles"."id" = ? LIMIT ?[0m  [["id", 1], ["LIMIT", 1]]
  ↳ app/controllers/articles_controller.rb:7:in `show'
  Rendering layout layouts/application.html.erb
  Rendering articles/show.html.erb within layouts/application
  Rendered articles/show.html.erb within layouts/application (Duration: 0.1ms | Allocations: 22)
  Rendered layout layouts/application.html.erb (Duration: 2.6ms | Allocations: 2372)
Completed 200 OK in 4ms (Views: 3.1ms | ActiveRecord: 0.1ms | Allocations: 3125)


Started GET "/articles/new" for ::1 at 2022-09-03 17:06:10 +0300
Processing by ArticlesController#new as HTML
  Rendering layout layouts/application.html.erb
  Rendering articles/new.html.erb within layouts/application
  Rendered articles/_form.html.erb (Duration: 75.2ms | Allocations: 3188)
  Rendered articles/new.html.erb within layouts/application (Duration: 96.2ms | Allocations: 3483)
  Rendered layout layouts/application.html.erb (Duration: 98.2ms | Allocations: 5795)
Completed 200 OK in 100ms (Views: 98.7ms | ActiveRecord: 0.0ms | Allocations: 6189)


Started POST "/articles" for ::1 at 2022-09-03 17:06:34 +0300
Processing by ArticlesController#create as TURBO_STREAM
  Parameters: {"authenticity_token"=>"[FILTERED]", "article"=>{"title"=>"3", "body"=>"September"}, "commit"=>"Create Article"}
  Rendering layout layouts/application.html.erb
  Rendering articles/new.html.erb within layouts/application
  Rendered articles/_form.html.erb (Duration: 14.0ms | Allocations: 1986)
  Rendered articles/new.html.erb within layouts/application (Duration: 14.2ms | Allocations: 2119)
  Rendered layout layouts/application.html.erb (Duration: 16.5ms | Allocations: 4426)
Completed 422 Unprocessable Entity in 19ms (Views: 17.0ms | ActiveRecord: 0.0ms | Allocations: 5957)


Started POST "/articles" for ::1 at 2022-09-03 17:07:05 +0300
Processing by ArticlesController#create as TURBO_STREAM
  Parameters: {"authenticity_token"=>"[FILTERED]", "article"=>{"title"=>"Hello World", "body"=>"HELLO WORLD"}, "commit"=>"Create Article"}
  [1m[36mTRANSACTION (0.1ms)[0m  [1m[36mbegin transaction[0m
  ↳ app/controllers/articles_controller.rb:17:in `create'
  [1m[36mArticle Create (0.5ms)[0m  [1m[32mINSERT INTO "articles" ("title", "body", "created_at", "updated_at") VALUES (?, ?, ?, ?)[0m  [["title", "Hello World"], ["body", "HELLO WORLD"], ["created_at", "2022-09-03 14:07:05.105108"], ["updated_at", "2022-09-03 14:07:05.105108"]]
  ↳ app/controllers/articles_controller.rb:17:in `create'
  [1m[36mTRANSACTION (116.8ms)[0m  [1m[36mcommit transaction[0m
  ↳ app/controllers/articles_controller.rb:17:in `create'
Redirected to http://localhost:3000/articles/6
Completed 302 Found in 126ms (ActiveRecord: 117.4ms | Allocations: 3317)


Started GET "/articles/6" for ::1 at 2022-09-03 17:07:05 +0300
Processing by ArticlesController#show as TURBO_STREAM
  Parameters: {"id"=>"6"}
  [1m[36mArticle Load (0.1ms)[0m  [1m[34mSELECT "articles".* FROM "articles" WHERE "articles"."id" = ? LIMIT ?[0m  [["id", 6], ["LIMIT", 1]]
  ↳ app/controllers/articles_controller.rb:7:in `show'
  Rendering layout layouts/application.html.erb
  Rendering articles/show.html.erb within layouts/application
  Rendered articles/show.html.erb within layouts/application (Duration: 0.1ms | Allocations: 22)
  Rendered layout layouts/application.html.erb (Duration: 3.4ms | Allocations: 2375)
Completed 200 OK in 5ms (Views: 4.0ms | ActiveRecord: 0.1ms | Allocations: 3147)


Started GET "/" for ::1 at 2022-09-03 17:07:08 +0300
Processing by ArticlesController#index as HTML
  Rendering layout layouts/application.html.erb
  Rendering articles/index.html.erb within layouts/application
  [1m[36mArticle Load (0.1ms)[0m  [1m[34mSELECT "articles".* FROM "articles"[0m
  ↳ app/views/articles/index.html.erb:4
  Rendered articles/index.html.erb within layouts/application (Duration: 1.4ms | Allocations: 917)
  Rendered layout layouts/application.html.erb (Duration: 4.3ms | Allocations: 3271)
Completed 200 OK in 5ms (Views: 4.6ms | ActiveRecord: 0.1ms | Allocations: 3554)


Started GET "/articles/6" for ::1 at 2022-09-03 17:07:11 +0300
Processing by ArticlesController#show as HTML
  Parameters: {"id"=>"6"}
  [1m[36mArticle Load (0.1ms)[0m  [1m[34mSELECT "articles".* FROM "articles" WHERE "articles"."id" = ? LIMIT ?[0m  [["id", 6], ["LIMIT", 1]]
  ↳ app/controllers/articles_controller.rb:7:in `show'
  Rendering layout layouts/application.html.erb
  Rendering articles/show.html.erb within layouts/application
  Rendered articles/show.html.erb within layouts/application (Duration: 0.1ms | Allocations: 22)
  Rendered layout layouts/application.html.erb (Duration: 4.0ms | Allocations: 2393)
Completed 200 OK in 6ms (Views: 4.6ms | ActiveRecord: 0.1ms | Allocations: 3146)


Started GET "/articles/5" for ::1 at 2022-09-03 17:07:13 +0300
Processing by ArticlesController#show as HTML
  Parameters: {"id"=>"5"}
  [1m[36mArticle Load (0.1ms)[0m  [1m[34mSELECT "articles".* FROM "articles" WHERE "articles"."id" = ? LIMIT ?[0m  [["id", 5], ["LIMIT", 1]]
  ↳ app/controllers/articles_controller.rb:7:in `show'
  Rendering layout layouts/application.html.erb
  Rendering articles/show.html.erb within layouts/application
  Rendered articles/show.html.erb within layouts/application (Duration: 0.0ms | Allocations: 22)
  Rendered layout layouts/application.html.erb (Duration: 1.9ms | Allocations: 2354)
Completed 200 OK in 3ms (Views: 2.2ms | ActiveRecord: 0.1ms | Allocations: 3107)


Started GET "/articles/1" for ::1 at 2022-09-03 17:07:15 +0300
Processing by ArticlesController#show as HTML
  Parameters: {"id"=>"1"}
  [1m[36mArticle Load (0.1ms)[0m  [1m[34mSELECT "articles".* FROM "articles" WHERE "articles"."id" = ? LIMIT ?[0m  [["id", 1], ["LIMIT", 1]]
  ↳ app/controllers/articles_controller.rb:7:in `show'
  Rendering layout layouts/application.html.erb
  Rendering articles/show.html.erb within layouts/application
  Rendered articles/show.html.erb within layouts/application (Duration: 0.1ms | Allocations: 22)
  Rendered layout layouts/application.html.erb (Duration: 2.7ms | Allocations: 2374)
Completed 200 OK in 4ms (Views: 3.0ms | ActiveRecord: 0.1ms | Allocations: 3127)


Started GET "/articles/2" for ::1 at 2022-09-03 17:07:16 +0300
Processing by ArticlesController#show as HTML
  Parameters: {"id"=>"2"}
  [1m[36mArticle Load (0.1ms)[0m  [1m[34mSELECT "articles".* FROM "articles" WHERE "articles"."id" = ? LIMIT ?[0m  [["id", 2], ["LIMIT", 1]]
  ↳ app/controllers/articles_controller.rb:7:in `show'
  Rendering layout layouts/application.html.erb
  Rendering articles/show.html.erb within layouts/application
  Rendered articles/show.html.erb within layouts/application (Duration: 0.1ms | Allocations: 22)
  Rendered layout layouts/application.html.erb (Duration: 4.5ms | Allocations: 2373)
Completed 200 OK in 7ms (Views: 5.2ms | ActiveRecord: 0.1ms | Allocations: 3126)


Started GET "/articles/3" for ::1 at 2022-09-03 17:07:18 +0300
Processing by ArticlesController#show as HTML
  Parameters: {"id"=>"3"}
  [1m[36mArticle Load (0.1ms)[0m  [1m[34mSELECT "articles".* FROM "articles" WHERE "articles"."id" = ? LIMIT ?[0m  [["id", 3], ["LIMIT", 1]]
  ↳ app/controllers/articles_controller.rb:7:in `show'
  Rendering layout layouts/application.html.erb
  Rendering articles/show.html.erb within layouts/application
  Rendered articles/show.html.erb within layouts/application (Duration: 0.1ms | Allocations: 22)
  Rendered layout layouts/application.html.erb (Duration: 3.8ms | Allocations: 2381)
Completed 200 OK in 6ms (Views: 4.5ms | ActiveRecord: 0.1ms | Allocations: 3134)


Started GET "/articles/4" for ::1 at 2022-09-03 17:07:20 +0300
Processing by ArticlesController#show as HTML
  Parameters: {"id"=>"4"}
  [1m[36mArticle Load (0.1ms)[0m  [1m[34mSELECT "articles".* FROM "articles" WHERE "articles"."id" = ? LIMIT ?[0m  [["id", 4], ["LIMIT", 1]]
  ↳ app/controllers/articles_controller.rb:7:in `show'
  Rendering layout layouts/application.html.erb
  Rendering articles/show.html.erb within layouts/application
  Rendered articles/show.html.erb within layouts/application (Duration: 0.1ms | Allocations: 22)
  Rendered layout layouts/application.html.erb (Duration: 2.4ms | Allocations: 2363)
Completed 200 OK in 4ms (Views: 2.8ms | ActiveRecord: 0.1ms | Allocations: 3116)


Started GET "/articles/5" for ::1 at 2022-09-03 17:07:21 +0300
Processing by ArticlesController#show as HTML
  Parameters: {"id"=>"5"}
  [1m[36mArticle Load (0.1ms)[0m  [1m[34mSELECT "articles".* FROM "articles" WHERE "articles"."id" = ? LIMIT ?[0m  [["id", 5], ["LIMIT", 1]]
  ↳ app/controllers/articles_controller.rb:7:in `show'
  Rendering layout layouts/application.html.erb
  Rendering articles/show.html.erb within layouts/application
  Rendered articles/show.html.erb within layouts/application (Duration: 0.1ms | Allocations: 22)
  Rendered layout layouts/application.html.erb (Duration: 2.7ms | Allocations: 2372)
Completed 200 OK in 4ms (Views: 3.1ms | ActiveRecord: 0.1ms | Allocations: 3125)


Started GET "/articles/2" for ::1 at 2022-09-03 17:07:29 +0300
Processing by ArticlesController#show as HTML
  Parameters: {"id"=>"2"}
  [1m[36mArticle Load (0.2ms)[0m  [1m[34mSELECT "articles".* FROM "articles" WHERE "articles"."id" = ? LIMIT ?[0m  [["id", 2], ["LIMIT", 1]]
  ↳ app/controllers/articles_controller.rb:7:in `show'
  Rendering layout layouts/application.html.erb
  Rendering articles/show.html.erb within layouts/application
  Rendered articles/show.html.erb within layouts/application (Duration: 0.1ms | Allocations: 22)
  Rendered layout layouts/application.html.erb (Duration: 4.1ms | Allocations: 2378)
Completed 200 OK in 7ms (Views: 4.7ms | ActiveRecord: 0.2ms | Allocations: 3131)


Started GET "/articles/1" for ::1 at 2022-09-03 17:07:31 +0300
Processing by ArticlesController#show as HTML
  Parameters: {"id"=>"1"}
  [1m[36mArticle Load (0.1ms)[0m  [1m[34mSELECT "articles".* FROM "articles" WHERE "articles"."id" = ? LIMIT ?[0m  [["id", 1], ["LIMIT", 1]]
  ↳ app/controllers/articles_controller.rb:7:in `show'
  Rendering layout layouts/application.html.erb
  Rendering articles/show.html.erb within layouts/application
  Rendered articles/show.html.erb within layouts/application (Duration: 0.1ms | Allocations: 22)
  Rendered layout layouts/application.html.erb (Duration: 3.5ms | Allocations: 2384)
Completed 200 OK in 6ms (Views: 4.1ms | ActiveRecord: 0.1ms | Allocations: 3138)


Started GET "/articles/6" for ::1 at 2022-09-03 17:07:33 +0300
Processing by ArticlesController#show as HTML
  Parameters: {"id"=>"6"}
  [1m[36mArticle Load (0.1ms)[0m  [1m[34mSELECT "articles".* FROM "articles" WHERE "articles"."id" = ? LIMIT ?[0m  [["id", 6], ["LIMIT", 1]]
  ↳ app/controllers/articles_controller.rb:7:in `show'
  Rendering layout layouts/application.html.erb
  Rendering articles/show.html.erb within layouts/application
  Rendered articles/show.html.erb within layouts/application (Duration: 0.0ms | Allocations: 22)
  Rendered layout layouts/application.html.erb (Duration: 1.9ms | Allocations: 2402)
Completed 200 OK in 3ms (Views: 2.2ms | ActiveRecord: 0.1ms | Allocations: 3155)


Started GET "/articles/5" for ::1 at 2022-09-03 17:07:35 +0300
Processing by ArticlesController#show as HTML
  Parameters: {"id"=>"5"}
  [1m[36mArticle Load (0.2ms)[0m  [1m[34mSELECT "articles".* FROM "articles" WHERE "articles"."id" = ? LIMIT ?[0m  [["id", 5], ["LIMIT", 1]]
  ↳ app/controllers/articles_controller.rb:7:in `show'
  Rendering layout layouts/application.html.erb
  Rendering articles/show.html.erb within layouts/application
  Rendered articles/show.html.erb within layouts/application (Duration: 0.1ms | Allocations: 22)
  Rendered layout layouts/application.html.erb (Duration: 4.1ms | Allocations: 2372)
Completed 200 OK in 7ms (Views: 4.9ms | ActiveRecord: 0.2ms | Allocations: 3125)


Started GET "/articles/new" for ::1 at 2022-09-03 17:07:37 +0300
Processing by ArticlesController#new as HTML
  Rendering layout layouts/application.html.erb
  Rendering articles/new.html.erb within layouts/application
  Rendered articles/_form.html.erb (Duration: 1.8ms | Allocations: 976)
  Rendered articles/new.html.erb within layouts/application (Duration: 2.0ms | Allocations: 1057)
  Rendered layout layouts/application.html.erb (Duration: 4.6ms | Allocations: 3256)
Completed 200 OK in 6ms (Views: 5.2ms | ActiveRecord: 0.0ms | Allocations: 3540)


